============================================================
  Generated by:           Genus(TM) Synthesis Solution 20.11-s111_1
  Generated on:           Mar 27 2026  03:03:29 pm
  Module:                 counter
  Operating conditions:   slow (balanced_tree)
  Wireload mode:          enclosed
  Area mode:              timing library
============================================================


Path 1: MET (6 ps) Setup Check with Pin count_reg[7]/CK->D
          Group: clk
     Startpoint: (R) count_reg[0]/CK
          Clock: (R) clk
       Endpoint: (R) count_reg[7]/D
          Clock: (R) clk

                     Capture       Launch     
        Clock Edge:+    1000            0     
       Src Latency:+       0            0     
       Net Latency:+       0 (I)        0 (I) 
           Arrival:=    1000            0     
                                              
             Setup:-      90                  
       Uncertainty:-      10                  
     Required Time:=     900                  
      Launch Clock:-       0                  
         Data Path:-     894                  
             Slack:=       6                  

#----------------------------------------------------------------------------------------
#  Timing Point   Flags   Arc   Edge   Cell     Fanout Load Trans Delay Arrival Instance 
#                                                      (fF)  (ps)  (ps)   (ps)  Location 
#----------------------------------------------------------------------------------------
  count_reg[0]/CK -       -     R     (arrival)      8    -   100     0       0    (-,-) 
  count_reg[0]/Q  -       CK->Q F     DFFRX4         7 15.4    86   325     325    (-,-) 
  g804__5122/Y    -       A->Y  R     NOR4X8         3  3.9   122   133     458    (-,-) 
  g797__1617/Y    -       B->Y  F     NAND2X2        2  4.3   102    96     554    (-,-) 
  g889/Y          -       S0->Y R     MX2X4          1  1.7    54   216     770    (-,-) 
  g888/Y          -       A->Y  F     NAND2X2        1  3.1   113    70     840    (-,-) 
  g910/Y          -       B0->Y R     OAI2BB1X4      1  0.7    47    54     894    (-,-) 
  count_reg[7]/D  -       -     R     DFFRX4         1    -     -     0     894    (-,-) 
#----------------------------------------------------------------------------------------

