============================================================
  Generated by:           Genus(TM) Synthesis Solution 20.11-s111_1
  Generated on:           Mar 27 2026  03:03:29 pm
  Module:                 counter
  Operating conditions:   slow (balanced_tree)
  Wireload mode:          enclosed
  Area mode:              timing library
============================================================

                            
   Gate    Instances  Area     Library   
-----------------------------------------
AO21X4             1  0.000    gpdk045bc 
DFFRHQX4           1  0.000    gpdk045bc 
DFFRX4             7  0.000    gpdk045bc 
INVXL              1  0.000    gpdk045bc 
MX2X1              1  0.000    gpdk045bc 
MX2X4              1  0.000    gpdk045bc 
MXI2X1             4  0.000    gpdk045bc 
NAND2X2            4  0.000    gpdk045bc 
NAND2X4            3  0.000    gpdk045bc 
NAND2X8            1  0.000    gpdk045bc 
NAND3BX4           1  0.000    gpdk045bc 
NOR2BX1            1  0.000    gpdk045bc 
NOR2BX4            1  0.000    gpdk045bc 
NOR2X1             1  0.000    gpdk045bc 
NOR2X2             2  0.000    gpdk045bc 
NOR2X4             1  0.000    gpdk045bc 
NOR3X1             1  0.000    gpdk045bc 
NOR3X2             1  0.000    gpdk045bc 
NOR4X2             1  0.000    gpdk045bc 
NOR4X8             1  0.000    gpdk045bc 
OA22X4             1  0.000    gpdk045bc 
OAI21X1            1  0.000    gpdk045bc 
OAI21X4            1  0.000    gpdk045bc 
OAI2BB1X4          1  0.000    gpdk045bc 
XNOR2X4            3  0.000    gpdk045bc 
XOR2X4             1  0.000    gpdk045bc 
-----------------------------------------
total             43  0.000              


                                      
     Type      Instances  Area Area % 
--------------------------------------
sequential             8 0.000    0.0 
inverter               1 0.000    0.0 
logic                 34 0.000    0.0 
physical_cells         0 0.000    0.0 
--------------------------------------
total                 43 0.000    0.0 

