xrun(64): 20.09-s012: (c) Copyright 1995-2021 Cadence Design Systems, Inc.
TOOL:	xrun(64)	20.09-s012: Started on Mar 26, 2026 at 15:10:06 IST
irun
	mealy1010.v
	mealy1010_tb.v
	-access +rwc
	-gui
	-coverage all
xrun: *W,NCEXDEP: Executable (irun) is deprecated. Use (xrun) instead.
		Caching library 'worklib' ....... Done
	Elaborating the design hierarchy:
	Top level design units:
		seq_det_1010_mealy_tb

	Extracting FSMs for coverage:
		worklib.seq_det_1010_mealy
		worklib.seq_det_1010_mealy_tb
	Total FSMs extracted = 0
	Building instance overlay tables: .................... Done
	Enabling instrumentation for coverage types: block expression FSM toggle functional
xmelab: *W,COVDCL: By default expression coverage is scored only for Verilog logical operators (|| and &&) and VHDL logical operators (OR, AND, NOR, and NAND), and is scored only in condition expressions. To score coverage for other operators and for expressions in other statements, use the "set_expr_coverable_operators" and "set_expr_coverable_statements" coverage configuration file commands with suitable options at elaboration.
	Generating native compiled code:
		worklib.seq_det_1010_mealy:v <0x61c37383>
			streams:   5, words:  3327
		worklib.seq_det_1010_mealy_tb:v <0x08c7ed86>
			streams:   6, words:  5079
  reg clk, reset, in;  wire out;   integer i;
                                           |
xmelab: *W,COVUTA (./mealy1010_tb.v,5|43): Toggle coverage is not supported for SystemVerilog integer, real, string, dynamic array, sparse memory and reference ports. It is also not supported for VHDL multi-dimensional array and array of record. There may also be other such objects in the design.
	Building instance specific data structures.
	Loading native compiled code:     .................... Done
	Design hierarchy summary:
		                 Instances  Unique
		Modules:                 2       2
		Registers:               7       7
		Scalar wires:            4       -
		Always blocks:           2       2
		Initial blocks:          3       3
		Pseudo assignments:      3       3
		Simulation timescale:  1ps
	Writing initial simulation snapshot: worklib.seq_det_1010_mealy_tb:v

-------------------------------------
Relinquished control to SimVision...
xcelium> 
xcelium> source /home/install/XCELIUM2009/tools/xcelium/files/xmsimrc
xcelium> coverage -analyze
xmsim: *E,CVGIMC: The IMC window cannot be opened before simulation starts.
xcelium> database -open waves -into waves.shm -default
Created default SHM database waves
xcelium> probe -create -shm seq_det_1010_mealy_tb.clk seq_det_1010_mealy_tb.i seq_det_1010_mealy_tb.in seq_det_1010_mealy_tb.out seq_det_1010_mealy_tb.reset
Created probe 1
xcelium> run
Simulation complete via $finish(1) at time 1056 NS + 0
./mealy1010_tb.v:22     $finish;
xcelium> coverage -analyze

coverage setup:
  workdir  :  ./cov_work
  dutinst  :  seq_det_1010_mealy_tb(seq_det_1010_mealy_tb)
  scope    :  scope
  testname :  test

coverage files:
  model(design data) :  ./cov_work/scope/icc_64f9a54b_00000000.ucm
  data               :  ./cov_work/scope/test/icc_64f9a54b_00000000.ucd

Launching IMC...

xcelium> 
coverage setup:
  workdir  :  ./cov_work
  dutinst  :  seq_det_1010_mealy_tb(seq_det_1010_mealy_tb)
  scope    :  scope
  testname :  test

coverage files:
  model(design data) :  ./cov_work/scope/icc_64f9a54b_00000000.ucm (reused)
  data               :  ./cov_work/scope/test/icc_64f9a54b_00000000.ucd
TOOL:	xrun(64)	20.09-s012: Exiting on Mar 26, 2026 at 15:11:20 IST  (total: 00:01:14)
