============================================================
  Generated by:           Genus(TM) Synthesis Solution 20.11-s111_1
  Generated on:           Mar 30 2026  02:52:48 pm
  Module:                 counter
  Operating conditions:   slow 
  Interconnect mode:      global
  Area mode:              physical library
============================================================


Path 1: VIOLATED (-324 ps) Setup Check with Pin count_reg[6]/CK->SE
          Group: clk
     Startpoint: (R) count_reg[1]/CK
          Clock: (R) clk
       Endpoint: (R) count_reg[6]/SE
          Clock: (R) clk

                     Capture       Launch     
        Clock Edge:+     500            0     
       Src Latency:+       0            0     
       Net Latency:+       0 (I)        0 (I) 
           Arrival:=     500            0     
                                              
             Setup:-     202                  
       Uncertainty:-       5                  
     Required Time:=     293                  
      Launch Clock:-       0                  
         Data Path:-     618                  
             Slack:=    -324                  

#----------------------------------------------------------------------------------------
#  Timing Point   Flags   Arc   Edge   Cell     Fanout Load Trans Delay Arrival Instance 
#                                                      (fF)  (ps)  (ps)   (ps)  Location 
#----------------------------------------------------------------------------------------
  count_reg[1]/CK -       -     R     (arrival)      8    -    50     0       0    (-,-) 
  count_reg[1]/Q  -       CK->Q F     SDFFRHQX8      7 37.5    98   336     336    (-,-) 
  fopt5235/Y      -       A->Y  R     INVX16         3 21.4    43    50     386    (-,-) 
  g5197__8428/Y   -       B->Y  F     NAND2X8        2 10.5    75    57     443    (-,-) 
  g5218/Y         -       B->Y  F     OR2X6          1  6.8    48   118     561    (-,-) 
  g5160__6260/Y   -       B1->Y R     OAI32X4        1  5.3   174    56     618    (-,-) 
  count_reg[6]/SE <<<     -     R     SDFFRHQX8      1    -     -     0     618    (-,-) 
#----------------------------------------------------------------------------------------

