============================================================
  Generated by:           Genus(TM) Synthesis Solution 20.11-s111_1
  Generated on:           Mar 30 2026  02:52:48 pm
  Module:                 counter
  Operating conditions:   slow 
  Interconnect mode:      global
  Area mode:              physical library
============================================================

                              
   Gate    Instances   Area      Library   
-------------------------------------------
ADDHX4             1    7.182    gpdk045bc 
AND2X6             1    3.762    gpdk045bc 
AND3X4             1    3.078    gpdk045bc 
AND3X6             1    4.446    gpdk045bc 
AOI21X2            1    2.736    gpdk045bc 
AOI22X4            1    6.156    gpdk045bc 
DFFRHQX4           1    9.576    gpdk045bc 
DFFRHQX8           1   11.286    gpdk045bc 
INVX1              1    0.693    gpdk045bc 
INVX12             2    7.695    gpdk045bc 
INVX16             2   10.499    gpdk045bc 
INVX2              1    1.043    gpdk045bc 
INVX3              1    1.394    gpdk045bc 
INVX4              2    3.488    gpdk045bc 
INVX6              2    4.189    gpdk045bc 
INVX8              2    5.592    gpdk045bc 
NAND2BX4           1    3.497    gpdk045bc 
NAND2X2            1    1.744    gpdk045bc 
NAND2X4            8   27.360    gpdk045bc 
NAND2X6            2    9.576    gpdk045bc 
NAND2X8            1    5.472    gpdk045bc 
NAND3X4            2    9.576    gpdk045bc 
NAND4X4            1    6.840    gpdk045bc 
NOR2X2             1    2.052    gpdk045bc 
NOR2X4             6   20.520    gpdk045bc 
NOR2X6             2    8.892    gpdk045bc 
NOR2X8             1    5.472    gpdk045bc 
OAI21X4            5   23.940    gpdk045bc 
OAI32X4            1    8.208    gpdk045bc 
OR2X6              2    8.208    gpdk045bc 
OR3X1              1    2.052    gpdk045bc 
SDFFRHQX8          6   80.028    gpdk045bc 
-------------------------------------------
total             62  306.252              


                                        
     Type      Instances   Area  Area % 
----------------------------------------
sequential             8 100.890   32.9 
inverter              13  34.593   11.3 
logic                 41 170.769   55.8 
physical_cells         0   0.000    0.0 
----------------------------------------
total                 62 306.252  100.0 

