============================================================
  Generated by:           Genus(TM) Synthesis Solution 20.11-s111_1
  Generated on:           Mar 30 2026  03:27:23 pm
  Module:                 seq_det_1010_mealy
  Operating conditions:   slow 
  Interconnect mode:      global
  Area mode:              physical library
============================================================

                            
  Gate    Instances   Area     Library   
-----------------------------------------
AOI21X2           1   2.736    gpdk045bc 
DFFRHQX4          2  19.152    gpdk045bc 
INVX1             2   1.385    gpdk045bc 
INVX4             1   1.744    gpdk045bc 
INVX6             1   2.095    gpdk045bc 
NAND2X2           1   1.744    gpdk045bc 
NAND2X4           1   3.420    gpdk045bc 
NAND3X8           1   8.208    gpdk045bc 
NOR3X2            1   2.736    gpdk045bc 
-----------------------------------------
total            11  43.220              


                                       
     Type      Instances  Area  Area % 
---------------------------------------
sequential             2 19.152   44.3 
inverter               4  5.224   12.1 
logic                  5 18.844   43.6 
physical_cells         0  0.000    0.0 
---------------------------------------
total                 11 43.220  100.0 

