============================================================
  Generated by:           Genus(TM) Synthesis Solution 20.11-s111_1
  Generated on:           Mar 30 2026  03:27:23 pm
  Module:                 seq_det_1010_mealy
  Operating conditions:   slow 
  Interconnect mode:      global
  Area mode:              physical library
============================================================


Path 1: VIOLATED (-85 ps) Setup Check with Pin state_reg[1]/CK->D
          Group: clk
     Startpoint: (R) state_reg[1]/CK
          Clock: (R) clk
       Endpoint: (R) state_reg[1]/D
          Clock: (R) clk

                     Capture       Launch     
        Clock Edge:+     500            0     
       Src Latency:+       0            0     
       Net Latency:+       0 (I)        0 (I) 
           Arrival:=     500            0     
                                              
             Setup:-      96                  
       Uncertainty:-       5                  
     Required Time:=     399                  
      Launch Clock:-       0                  
         Data Path:-     484                  
             Slack:=     -85                  

#----------------------------------------------------------------------------------------
#  Timing Point   Flags   Arc   Edge   Cell     Fanout Load Trans Delay Arrival Instance 
#                                                      (fF)  (ps)  (ps)   (ps)  Location 
#----------------------------------------------------------------------------------------
  state_reg[1]/CK -       -     R     (arrival)      2    -    50     0       0    (-,-) 
  state_reg[1]/Q  -       CK->Q F     DFFRHQX4       3 14.8    79   299     299    (-,-) 
  g235/Y          -       A->Y  R     INVX6          2 13.5    51    52     351    (-,-) 
  g233__5107/Y    -       C->Y  F     NAND3X8        1  6.9   112    75     426    (-,-) 
  g230__2398/Y    -       B->Y  R     NAND2X4        1  4.5    52    58     484    (-,-) 
  state_reg[1]/D  <<<     -     R     DFFRHQX4       1    -     -     0     484    (-,-) 
#----------------------------------------------------------------------------------------

