xrun(64): 20.09-s012: (c) Copyright 1995-2021 Cadence Design Systems, Inc.
TOOL:	xrun(64)	20.09-s012: Started on Mar 25, 2026 at 10:19:52 IST
xrun
	half_adder.v
	half_adder_tb.v
	-access +rwc
	-gui
	-coverage all
		Caching library 'worklib' ....... Done
	Elaborating the design hierarchy:
	Top level design units:
		half_adder_tb

	Extracting FSMs for coverage:
		worklib.half_adder
		worklib.half_adder_tb
	Total FSMs extracted = 0
	Building instance overlay tables: .................... Done
	Enabling instrumentation for coverage types: block expression FSM toggle functional
xmelab: *W,COVDCL: By default expression coverage is scored only for Verilog logical operators (|| and &&) and VHDL logical operators (OR, AND, NOR, and NAND), and is scored only in condition expressions. To score coverage for other operators and for expressions in other statements, use the "set_expr_coverable_operators" and "set_expr_coverable_statements" coverage configuration file commands with suitable options at elaboration.
	Generating native compiled code:
		worklib.half_adder:v <0x6b0b1e0b>
			streams:   0, words:     0
		worklib.half_adder_tb:v <0x22864f16>
			streams:   6, words:  4851
	Building instance specific data structures.
	Loading native compiled code:     .................... Done
	Design hierarchy summary:
		             Instances  Unique
		Modules:             2       2
		Registers:           2       2
		Scalar wires:        4       -
		Always blocks:       2       2
		Initial blocks:      2       2
		Cont. assignments:   0       2
		Pseudo assignments:  2       2
	Writing initial simulation snapshot: worklib.half_adder_tb:v

-------------------------------------
Relinquished control to SimVision...
xcelium> 
xcelium> source /home/install/XCELIUM2009/tools/xcelium/files/xmsimrc
xcelium> database -open waves -into waves.shm -default
Created default SHM database waves
xcelium> probe -create -shm half_adder_tb.A half_adder_tb.B half_adder_tb.Cin half_adder_tb.S
Created probe 1
xcelium> run
Simulation complete via $finish(1) at time 50 NS + 0
./half_adder_tb.v:19 initial #50 $finish;
xcelium> coverage -analyze

coverage setup:
  workdir  :  ./cov_work
  dutinst  :  half_adder_tb(half_adder_tb)
  scope    :  scope
  testname :  test

coverage files:
  model(design data) :  ./cov_work/scope/icc_596b5efa_00000000.ucm
  data               :  ./cov_work/scope/test/icc_596b5efa_00000000.ucd

Launching IMC...

xcelium> 
coverage setup:
  workdir  :  ./cov_work
  dutinst  :  half_adder_tb(half_adder_tb)
  scope    :  scope
  testname :  test

coverage files:
  model(design data) :  ./cov_work/scope/icc_596b5efa_00000000.ucm (reused)
  data               :  ./cov_work/scope/test/icc_596b5efa_00000000.ucd
TOOL:	xrun(64)	20.09-s012: Exiting on Mar 25, 2026 at 10:45:55 IST  (total: 00:26:03)
