============================================================
  Generated by:           Genus(TM) Synthesis Solution 20.11-s111_1
  Generated on:           Mar 30 2026  03:41:28 pm
  Module:                 seq_det_1010_moore
  Operating conditions:   slow 
  Interconnect mode:      global
  Area mode:              physical library
============================================================

                             
  Gate    Instances   Area      Library   
------------------------------------------
DFFRHQX2          1    7.866    gpdk045bc 
DFFRHQX4          1    9.576    gpdk045bc 
DFFRHQX8          2   22.572    gpdk045bc 
INVX1             2    1.385    gpdk045bc 
INVX12            2    7.695    gpdk045bc 
INVX3             1    1.394    gpdk045bc 
INVX6             1    2.095    gpdk045bc 
NAND2BX2          1    2.155    gpdk045bc 
NAND2X2           2    3.488    gpdk045bc 
NAND2X4           1    3.420    gpdk045bc 
NAND2X6           1    4.788    gpdk045bc 
NAND2X8           1    5.472    gpdk045bc 
NOR2X1            1    1.368    gpdk045bc 
NOR2X4            1    3.420    gpdk045bc 
NOR2X6            2    8.892    gpdk045bc 
OAI21X2           1    3.078    gpdk045bc 
OAI21X4           1    4.788    gpdk045bc 
OAI221X4          1    7.866    gpdk045bc 
OAI22X2           1    3.420    gpdk045bc 
OR2X6             1    4.104    gpdk045bc 
------------------------------------------
total            25  108.841              


                                        
     Type      Instances   Area  Area % 
----------------------------------------
sequential             4  40.014   36.8 
inverter               6  12.568   11.5 
logic                 15  56.259   51.7 
physical_cells         0   0.000    0.0 
----------------------------------------
total                 25 108.841  100.0 

