============================================================
  Generated by:           Genus(TM) Synthesis Solution 20.11-s111_1
  Generated on:           Mar 30 2026  03:41:28 pm
  Module:                 seq_det_1010_moore
  Operating conditions:   slow 
  Interconnect mode:      global
  Area mode:              physical library
============================================================


Path 1: VIOLATED (-155 ps) Setup Check with Pin state_reg[1]/CK->D
          Group: clk
     Startpoint: (R) state_reg[1]/CK
          Clock: (R) clk
       Endpoint: (F) state_reg[1]/D
          Clock: (R) clk

                     Capture       Launch     
        Clock Edge:+     500            0     
       Src Latency:+       0            0     
       Net Latency:+       0 (I)        0 (I) 
           Arrival:=     500            0     
                                              
             Setup:-      44                  
       Uncertainty:-       5                  
     Required Time:=     451                  
      Launch Clock:-       0                  
         Data Path:-     606                  
             Slack:=    -155                  

#----------------------------------------------------------------------------------------
#  Timing Point   Flags   Arc   Edge   Cell     Fanout Load Trans Delay Arrival Instance 
#                                                      (fF)  (ps)  (ps)   (ps)  Location 
#----------------------------------------------------------------------------------------
  state_reg[1]/CK -       -     R     (arrival)      4    -    50     0       0    (-,-) 
  state_reg[1]/Q  -       CK->Q F     DFFRHQX8       4 24.8    73   325     325    (-,-) 
  g855/Y          -       A->Y  R     INVX12         3 19.7    42    45     370    (-,-) 
  g847__3680/Y    -       B->Y  F     NAND2X8        2 13.0    85    62     432    (-,-) 
  g844/Y          -       A->Y  R     INVX6          1  6.9    37    46     477    (-,-) 
  g837__2398/Y    -       A1->Y F     OAI221X4       1  4.5   156   129     606    (-,-) 
  state_reg[1]/D  <<<     -     F     DFFRHQX8       1    -     -     0     606    (-,-) 
#----------------------------------------------------------------------------------------

