xrun(64): 20.09-s012: (c) Copyright 1995-2021 Cadence Design Systems, Inc.
TOOL:	xrun(64)	20.09-s012: Started on Mar 26, 2026 at 16:11:53 IST
irun
	traffic.v
	traffic_tb.v
	-access +rwc
	-gui
	-coverage all
xrun: *W,NCEXDEP: Executable (irun) is deprecated. Use (xrun) instead.
file: traffic.v
	module worklib.TrafficLight:v
		errors: 0, warnings: 0
file: traffic_tb.v
	module worklib.TrafficLight_tb:v
		errors: 0, warnings: 0
		Caching library 'worklib' ....... Done
	Elaborating the design hierarchy:
	Top level design units:
		TrafficLight_tb

	Extracting FSMs for coverage:
		worklib.TrafficLight
			FSM extracted for state register state
		worklib.TrafficLight_tb
	Total FSMs extracted = 1
	Building instance overlay tables: ....................
xmelab: *W,COVFHT: FSM hold transitions (transitions to the current state) are not extracted for any FSM in default mode.
 Done
	Enabling instrumentation for coverage types: block expression FSM toggle functional
xmelab: *W,COVDCL: By default expression coverage is scored only for Verilog logical operators (|| and &&) and VHDL logical operators (OR, AND, NOR, and NAND), and is scored only in condition expressions. To score coverage for other operators and for expressions in other statements, use the "set_expr_coverable_operators" and "set_expr_coverable_statements" coverage configuration file commands with suitable options at elaboration.
	Generating native compiled code:
		worklib.TrafficLight:v <0x60f69a49>
			streams:   4, words:  9050
		worklib.TrafficLight_tb:v <0x73a845ed>
			streams:   4, words:  2305
	Building instance specific data structures.
	Loading native compiled code:     .................... Done
	Design hierarchy summary:
		                 Instances  Unique
		Modules:                 2       2
		Registers:               6       6
		Scalar wires:            2       -
		Vectored wires:          2       -
		Always blocks:           2       2
		Initial blocks:          2       2
		Pseudo assignments:      2       2
		Simulation timescale:  1ps
	Writing initial simulation snapshot: worklib.TrafficLight_tb:v

-------------------------------------
Relinquished control to SimVision...
xcelium> 
xcelium> source /home/install/XCELIUM2009/tools/xcelium/files/xmsimrc
xcelium> database -open waves -into waves.shm -default
Created default SHM database waves
xcelium> probe -create -shm TrafficLight_tb.LED_NS TrafficLight_tb.LED_WE TrafficLight_tb.clk TrafficLight_tb.rst
Created probe 1
xcelium> run
Simulation complete via $finish(1) at time 1007 NS + 0
./traffic_tb.v:22 #1000 $finish;
xcelium> coverage -analyze

coverage setup:
  workdir  :  ./cov_work
  dutinst  :  TrafficLight_tb(TrafficLight_tb)
  scope    :  scope
  testname :  test

coverage files:
  model(design data) :  ./cov_work/scope/icc_6b152990_00000000.ucm
  data               :  ./cov_work/scope/test/icc_6b152990_00000000.ucd

Launching IMC...

xcelium> coverage -analyze

coverage setup:
  workdir  :  ./cov_work
  dutinst  :  TrafficLight_tb(TrafficLight_tb)
  scope    :  scope
  testname :  test

coverage files:
  model(design data) :  ./cov_work/scope/icc_6b152990_00000000.ucm (reused)
  data               :  ./cov_work/scope/test/icc_6b152990_00000000.ucd

Launching IMC...

xcelium> coverage -analyze

coverage setup:
  workdir  :  ./cov_work
  dutinst  :  TrafficLight_tb(TrafficLight_tb)
  scope    :  scope
  testname :  test

coverage files:
  model(design data) :  ./cov_work/scope/icc_6b152990_00000000.ucm (reused)
  data               :  ./cov_work/scope/test/icc_6b152990_00000000.ucd

Launching IMC...

xcelium> ^C
xcelium> exit
...Regained control from SimVision
-------------------------------------

coverage setup:
  workdir  :  ./cov_work
  dutinst  :  TrafficLight_tb(TrafficLight_tb)
  scope    :  scope
  testname :  test

coverage files:
  model(design data) :  ./cov_work/scope/icc_6b152990_00000000.ucm (reused)
  data               :  ./cov_work/scope/test/icc_6b152990_00000000.ucd
TOOL:	xrun(64)	20.09-s012: Exiting on Mar 26, 2026 at 16:18:18 IST  (total: 00:06:25)
