xrun(64): 20.09-s012: (c) Copyright 1995-2021 Cadence Design Systems, Inc.
TOOL:	xrun(64)	20.09-s012: Started on Mar 26, 2026 at 15:13:07 IST
irun
	moore1010.v
	moore1010_tb.v
	-access +rwc
	-gui
	-coverage all
xrun: *W,NCEXDEP: Executable (irun) is deprecated. Use (xrun) instead.
		Caching library 'worklib' ....... Done
	Elaborating the design hierarchy:
	Top level design units:
		seq_detect_1010_moore_tb

	Extracting FSMs for coverage:
		worklib.seq_det_1010_moore
			FSM extracted for state register state
		worklib.seq_detect_1010_moore_tb
	Total FSMs extracted = 1
	Building instance overlay tables: ....................
xmelab: *W,COVFHT: FSM hold transitions (transitions to the current state) are not extracted for any FSM in default mode.
 Done
	Enabling instrumentation for coverage types: block expression FSM toggle functional
xmelab: *W,COVDCL: By default expression coverage is scored only for Verilog logical operators (|| and &&) and VHDL logical operators (OR, AND, NOR, and NAND), and is scored only in condition expressions. To score coverage for other operators and for expressions in other statements, use the "set_expr_coverable_operators" and "set_expr_coverable_statements" coverage configuration file commands with suitable options at elaboration.
	Generating native compiled code:
		worklib.seq_det_1010_moore:v <0x6802e854>
			streams:   3, words:  3580
		worklib.seq_detect_1010_moore_tb:v <0x20de8c14>
			streams:   6, words:  5001
  wire out;   integer i;
                      |
xmelab: *W,COVUTA (./moore1010_tb.v,6|22): Toggle coverage is not supported for SystemVerilog integer, real, string, dynamic array, sparse memory and reference ports. It is also not supported for VHDL multi-dimensional array and array of record. There may also be other such objects in the design.
	Building instance specific data structures.
	Loading native compiled code:     .................... Done
	Design hierarchy summary:
		                 Instances  Unique
		Modules:                 2       2
		Registers:               6       6
		Scalar wires:            4       -
		Always blocks:           1       1
		Initial blocks:          3       3
		Pseudo assignments:      3       3
		Simulation timescale:  1ps
	Writing initial simulation snapshot: worklib.seq_detect_1010_moore_tb:v

-------------------------------------
Relinquished control to SimVision...
xcelium> 
xcelium> source /home/install/XCELIUM2009/tools/xcelium/files/xmsimrc
xcelium> database -open waves -into waves.shm -default
Created default SHM database waves
xcelium> probe -create -shm seq_detect_1010_moore_tb.clk seq_detect_1010_moore_tb.i seq_detect_1010_moore_tb.in seq_detect_1010_moore_tb.out seq_detect_1010_moore_tb.reset
Created probe 1
xcelium> run
PASS : Sequence 1010 detected 

PASS : Sequence 1010 detected 

PASS : Sequence 1010 detected 

PASS : Sequence 1010 detected 

PASS : Sequence 1010 detected 

PASS : Sequence 1010 detected 

PASS : Sequence 1010 detected 

PASS : Sequence 1010 detected 

PASS : Sequence 1010 detected 

PASS : Sequence 1010 detected 

PASS : Sequence 1010 detected 

PASS : Sequence 1010 detected 

PASS : Sequence 1010 detected 

PASS : Sequence 1010 detected 

PASS : Sequence 1010 detected 

PASS : Sequence 1010 detected 

PASS : Sequence 1010 detected 

PASS : Sequence 1010 detected 

PASS : Sequence 1010 detected 

PASS : Sequence 1010 detected 

PASS : Sequence 1010 detected 

PASS : Sequence 1010 detected 

PASS : Sequence 1010 detected 

PASS : Sequence 1010 detected 

PASS : Sequence 1010 detected 

PASS : Sequence 1010 detected 

PASS : Sequence 1010 detected 

PASS : Sequence 1010 detected 

PASS : Sequence 1010 detected 

PASS : Sequence 1010 detected 

PASS : Sequence 1010 detected 

PASS : Sequence 1010 detected 

PASS : Sequence 1010 detected 

PASS : Sequence 1010 detected 

PASS : Sequence 1010 detected 

PASS : Sequence 1010 detected 

PASS : Sequence 1010 detected 

PASS : Sequence 1010 detected 

PASS : Sequence 1010 detected 

PASS : Sequence 1010 detected 

PASS : Sequence 1010 detected 

PASS : Sequence 1010 detected 

PASS : Sequence 1010 detected 

PASS : Sequence 1010 detected 

PASS : Sequence 1010 detected 

PASS : Sequence 1010 detected 

PASS : Sequence 1010 detected 

PASS : Sequence 1010 detected 

PASS : Sequence 1010 detected 

PASS : Sequence 1010 detected 

PASS : Sequence 1010 detected 

PASS : Sequence 1010 detected 

PASS : Sequence 1010 detected 

PASS : Sequence 1010 detected 

PASS : Sequence 1010 detected 

PASS : Sequence 1010 detected 

PASS : Sequence 1010 detected 

PASS : Sequence 1010 detected 

PASS : Sequence 1010 detected 

PASS : Sequence 1010 detected 

PASS : Sequence 1010 detected 

PASS : Sequence 1010 detected 

PASS : Sequence 1010 detected 

PASS : Sequence 1010 detected 

PASS : Sequence 1010 detected 

PASS : Sequence 1010 detected 

PASS : Sequence 1010 detected 

PASS : Sequence 1010 detected 

PASS : Sequence 1010 detected 

PASS : Sequence 1010 detected 

PASS : Sequence 1010 detected 

PASS : Sequence 1010 detected 

PASS : Sequence 1010 detected 

PASS : Sequence 1010 detected 

PASS : Sequence 1010 detected 

PASS : Sequence 1010 detected 

PASS : Sequence 1010 detected 

PASS : Sequence 1010 detected 

PASS : Sequence 1010 detected 

PASS : Sequence 1010 detected 

PASS : Sequence 1010 detected 

PASS : Sequence 1010 detected 

PASS : Sequence 1010 detected 

PASS : Sequence 1010 detected 

PASS : Sequence 1010 detected 

PASS : Sequence 1010 detected 

PASS : Sequence 1010 detected 

PASS : Sequence 1010 detected 

PASS : Sequence 1010 detected 

PASS : Sequence 1010 detected 

PASS : Sequence 1010 detected 

PASS : Sequence 1010 detected 

PASS : Sequence 1010 detected 

PASS : Sequence 1010 detected 

PASS : Sequence 1010 detected 

PASS : Sequence 1010 detected 

Simulation complete via $finish(1) at time 1056 NS + 0
./moore1010_tb.v:23          $finish;
xcelium> coverage -analyze

coverage setup:
  workdir  :  ./cov_work
  dutinst  :  seq_detect_1010_moore_tb(seq_detect_1010_moore_tb)
  scope    :  scope
  testname :  test

coverage files:
  model(design data) :  ./cov_work/scope/icc_0ccac7d2_00000000.ucm
  data               :  ./cov_work/scope/test/icc_0ccac7d2_00000000.ucd

Launching IMC...

xcelium> coverage -analyze

coverage setup:
  workdir  :  ./cov_work
  dutinst  :  seq_detect_1010_moore_tb(seq_detect_1010_moore_tb)
  scope    :  scope
  testname :  test

coverage files:
  model(design data) :  ./cov_work/scope/icc_0ccac7d2_00000000.ucm (reused)
  data               :  ./cov_work/scope/test/icc_0ccac7d2_00000000.ucd

Launching IMC...

xcelium> 
coverage setup:
  workdir  :  ./cov_work
  dutinst  :  seq_detect_1010_moore_tb(seq_detect_1010_moore_tb)
  scope    :  scope
  testname :  test

coverage files:
  model(design data) :  ./cov_work/scope/icc_0ccac7d2_00000000.ucm (reused)
  data               :  ./cov_work/scope/test/icc_0ccac7d2_00000000.ucd
TOOL:	xrun(64)	20.09-s012: Exiting on Mar 26, 2026 at 15:15:59 IST  (total: 00:02:52)
