xrun(64): 20.09-s012: (c) Copyright 1995-2021 Cadence Design Systems, Inc.
TOOL:	xrun(64)	20.09-s012: Started on Mar 25, 2026 at 11:33:51 IST
xrun
	full_adder.v
	full_adder_tb.v
	-access +rwc
	-gui
	-coverage all
		Caching library 'worklib' ....... Done
	Elaborating the design hierarchy:
		Caching library 'worklib' ....... Done
	Top level design units:
		full_adder_tb

	Extracting FSMs for coverage:
		worklib.half_adder
		worklib.full_adder
		worklib.full_adder_tb
	Total FSMs extracted = 0
	Building instance overlay tables: .................... Done
	Enabling instrumentation for coverage types: block expression FSM toggle functional
xmelab: *W,COVDCL: By default expression coverage is scored only for Verilog logical operators (|| and &&) and VHDL logical operators (OR, AND, NOR, and NAND), and is scored only in condition expressions. To score coverage for other operators and for expressions in other statements, use the "set_expr_coverable_operators" and "set_expr_coverable_statements" coverage configuration file commands with suitable options at elaboration.
	Generating native compiled code:
		worklib.half_adder:v <0x3e5cce0f>
			streams:   0, words:     0
		worklib.full_adder:v <0x6246a65c>
			streams:   0, words:     0
		worklib.full_adder_tb:v <0x37d8eab2>
			streams:   6, words: 14555
	Building instance specific data structures.
	Loading native compiled code:     .................... Done
	Design hierarchy summary:
		             Instances  Unique
		Modules:             4       3
		Registers:           3       3
		Scalar wires:        8       -
		Initial blocks:      2       2
		Cont. assignments:   0       3
		Pseudo assignments:  3       3
	Writing initial simulation snapshot: worklib.full_adder_tb:v

-------------------------------------
Relinquished control to SimVision...
xcelium> 
xcelium> source /home/install/XCELIUM2009/tools/xcelium/files/xmsimrc
xcelium> coverage -analyze
xmsim: *E,CVGIMC: The IMC window cannot be opened before simulation starts.
xcelium> database -open waves -into waves.shm -default
Created default SHM database waves
xcelium> probe -create -shm full_adder_tb.A full_adder_tb.B full_adder_tb.Cin full_adder_tb.Cout full_adder_tb.S
Created probe 1
xcelium> run
A B Cin | Sum Cout
0 0 0 | 0 0
0 0 1 | 1 0
0 1 0 | 1 0
0 1 1 | 0 1
0 0 0 | 0 0
1 0 0 | 1 0
1 0 1 | 0 1
1 1 0 | 0 1
1 1 1 | 1 1
Simulation complete via $finish(1) at time 50 NS + 0
./full_adder_tb.v:25  #50 $finish;
xcelium> coverage -analyze

coverage setup:
  workdir  :  ./cov_work
  dutinst  :  full_adder_tb(full_adder_tb)
  scope    :  scope
  testname :  test

coverage files:
  model(design data) :  ./cov_work/scope/icc_3348da3e_00000000.ucm
  data               :  ./cov_work/scope/test/icc_3348da3e_00000000.ucd

Launching IMC...

xcelium> 
coverage setup:
  workdir  :  ./cov_work
  dutinst  :  full_adder_tb(full_adder_tb)
  scope    :  scope
  testname :  test

coverage files:
  model(design data) :  ./cov_work/scope/icc_3348da3e_00000000.ucm (reused)
  data               :  ./cov_work/scope/test/icc_3348da3e_00000000.ucd
TOOL:	xrun(64)	20.09-s012: Exiting on Mar 25, 2026 at 12:05:14 IST  (total: 00:31:23)
