============================================================
  Generated by:           Genus(TM) Synthesis Solution 20.11-s111_1
  Generated on:           Mar 30 2026  04:43:07 pm
  Module:                 seq_detector
  Operating conditions:   slow 
  Interconnect mode:      global
  Area mode:              physical library
============================================================

                             
  Gate    Instances   Area      Library   
------------------------------------------
BUFX2             1    1.710    gpdk045bc 
DFFRHQX4          3   28.728    gpdk045bc 
INVX1             1    0.693    gpdk045bc 
INVX12            1    3.848    gpdk045bc 
INVX16            1    5.250    gpdk045bc 
INVX8             2    5.592    gpdk045bc 
INVXL             1    0.727    gpdk045bc 
NAND2BX1          1    1.394    gpdk045bc 
NAND2BX4          3   10.491    gpdk045bc 
NAND2X1           1    1.043    gpdk045bc 
NAND2X2           1    1.744    gpdk045bc 
NAND2X6           1    4.788    gpdk045bc 
NAND2X8           1    5.472    gpdk045bc 
NOR2X4            4   13.680    gpdk045bc 
NOR2X6            1    4.446    gpdk045bc 
OAI21X4           1    4.788    gpdk045bc 
OAI22X4           1    6.498    gpdk045bc 
OAI22XL           1    2.052    gpdk045bc 
------------------------------------------
total            26  102.942              


                                        
     Type      Instances   Area  Area % 
----------------------------------------
sequential             3  28.728   27.9 
inverter               6  16.108   15.6 
buffer                 1   1.710    1.7 
logic                 16  56.396   54.8 
physical_cells         0   0.000    0.0 
----------------------------------------
total                 26 102.942  100.0 

