============================================================
  Generated by:           Genus(TM) Synthesis Solution 20.11-s111_1
  Generated on:           Mar 30 2026  04:43:07 pm
  Module:                 seq_detector
  Operating conditions:   slow 
  Interconnect mode:      global
  Area mode:              physical library
============================================================


Path 1: VIOLATED (-186 ps) Setup Check with Pin state_reg[0]/CK->D
          Group: clk
     Startpoint: (R) state_reg[0]/CK
          Clock: (R) clk
       Endpoint: (R) state_reg[0]/D
          Clock: (R) clk

                     Capture       Launch     
        Clock Edge:+     500            0     
       Src Latency:+       0            0     
       Net Latency:+       0 (I)        0 (I) 
           Arrival:=     500            0     
                                              
             Setup:-      93                  
       Uncertainty:-       5                  
     Required Time:=     402                  
      Launch Clock:-       0                  
         Data Path:-     588                  
             Slack:=    -186                  

#----------------------------------------------------------------------------------------
#  Timing Point   Flags   Arc   Edge   Cell     Fanout Load Trans Delay Arrival Instance 
#                                                      (fF)  (ps)  (ps)   (ps)  Location 
#----------------------------------------------------------------------------------------
  state_reg[0]/CK -       -     R     (arrival)      3    -    50     0       0    (-,-) 
  state_reg[0]/Q  -       CK->Q F     DFFRHQX4       1 12.3    69   294     294    (-,-) 
  g798/Y          -       A->Y  R     INVX12         5 35.2    58    53     347    (-,-) 
  g797/Y          -       A->Y  F     INVX16         2 11.7    28    34     382    (-,-) 
  g784__8428/Y    -       A1->Y R     OAI22X4        1  8.3   132    75     457    (-,-) 
  g3/Y            -       B->Y  F     NAND2X6        1  6.9    80    84     541    (-,-) 
  g2/Y            -       B->Y  R     NAND2BX4       1  4.5    46    47     588    (-,-) 
  state_reg[0]/D  <<<     -     R     DFFRHQX4       1    -     -     0     588    (-,-) 
#----------------------------------------------------------------------------------------

