xrun(64): 20.09-s012: (c) Copyright 1995-2021 Cadence Design Systems, Inc.
TOOL:	xrun(64)	20.09-s012: Started on Mar 25, 2026 at 17:05:06 IST
xrun
	lfsr.v
	lfsr_tb.v
	-access +rwc
	-gui
file: lfsr.v
	module worklib.lsfr:v
		errors: 0, warnings: 0
file: lfsr_tb.v
	module worklib.lfsr_tb:v
		errors: 0, warnings: 0
		Caching library 'worklib' ....... Done
	Elaborating the design hierarchy:
	Top level design units:
		lfsr_tb
	Building instance overlay tables: .................... Done
	Generating native compiled code:
		worklib.lsfr:v <0x3629e6c8>
			streams:   2, words:   648
		worklib.lfsr_tb:v <0x7a3b4431>
			streams:   4, words:  1533
	Building instance specific data structures.
	Loading native compiled code:     .................... Done
	Design hierarchy summary:
		             Instances  Unique
		Modules:             2       2
		Registers:           3       3
		Scalar wires:        3       -
		Vectored wires:      1       -
		Always blocks:       2       2
		Initial blocks:      1       1
		Cont. assignments:   1       1
		Pseudo assignments:  2       2
	Writing initial simulation snapshot: worklib.lfsr_tb:v

-------------------------------------
Relinquished control to SimVision...
xcelium> 
xcelium> source /home/install/XCELIUM2009/tools/xcelium/files/xmsimrc
xcelium> database -open waves -into waves.shm -default
Created default SHM database waves
xcelium> probe -create -shm lfsr_tb.clk_tb lfsr_tb.out_tb lfsr_tb.rst_tb
Created probe 1
xcelium> run
Simulation complete via $finish(1) at time 215 NS + 0
./lfsr_tb.v:13     $finish;  
xcelium> ^C
xcelium> exit
...Regained control from SimVision
-------------------------------------
TOOL:	xrun(64)	20.09-s012: Exiting on Mar 25, 2026 at 17:08:25 IST  (total: 00:03:19)
