============================================================
  Generated by:           Genus(TM) Synthesis Solution 20.11-s111_1
  Generated on:           Mar 28 2026  10:37:04 am
  Module:                 mux_ff_ex
  Operating conditions:   slow (balanced_tree)
  Wireload mode:          enclosed
  Area mode:              timing library
============================================================


Path 1: MET (7476 ps) Setup Check with Pin q_out_reg/CK->D
          Group: clk
     Startpoint: (F) sel[1]
          Clock: (R) clk
       Endpoint: (R) q_out_reg/D
          Clock: (R) clk

                     Capture       Launch     
        Clock Edge:+   10000            0     
        Drv Adjust:+       0           17     
       Src Latency:+       0            0     
       Net Latency:+       0 (I)        0 (I) 
           Arrival:=   10000           17     
                                              
             Setup:-      90                  
       Uncertainty:-      10                  
     Required Time:=    9900                  
      Launch Clock:-      17                  
       Input Delay:-    2000                  
         Data Path:-     406                  
             Slack:=    7476                  

Exceptions/Constraints:
  input_delay             2000            constraints_top.sdc_line_12_4_1 

#---------------------------------------------------------------------------------------
# Timing Point   Flags   Arc   Edge   Cell     Fanout Load Trans Delay Arrival Instance 
#                                                     (fF)  (ps)  (ps)   (ps)  Location 
#---------------------------------------------------------------------------------------
  sel[1]         -       -     F     (arrival)      1  2.1    46     0    2017    (-,-) 
  g2/Y           -       S0->Y R     MX4X4          1  0.7    88   406    2424    (-,-) 
  q_out_reg/D    -       -     R     DFFRHQX4       1    -     -     0    2424    (-,-) 
#---------------------------------------------------------------------------------------

