============================================================
  Generated by:           Genus(TM) Synthesis Solution 20.11-s111_1
  Generated on:           Mar 28 2026  10:37:04 am
  Module:                 mux_ff_ex
  Operating conditions:   slow (balanced_tree)
  Wireload mode:          enclosed
  Area mode:              timing library
============================================================

                           
  Gate    Instances  Area     Library   
----------------------------------------
DFFRHQX4          1  0.000    gpdk045bc 
MX4X4             1  0.000    gpdk045bc 
----------------------------------------
total             2  0.000              


                                      
     Type      Instances  Area Area % 
--------------------------------------
sequential             1 0.000    0.0 
logic                  1 0.000    0.0 
physical_cells         0 0.000    0.0 
--------------------------------------
total                  2 0.000    0.0 

