xrun(64): 20.09-s012: (c) Copyright 1995-2021 Cadence Design Systems, Inc.
TOOL:	xrun(64)	20.09-s012: Started on Mar 26, 2026 at 16:32:09 IST
xrun
	twonum.v
	twonum_tb.v
	-access +rwc
	-gui
	-coverage all
Recompiling... reason: file './twonum_tb.v' is newer than expected.
	expected: Thu Mar 26 16:30:46 2026
	actual:   Thu Mar 26 16:31:56 2026
file: twonum_tb.v
	module worklib.seq_detector_tb:v
		errors: 0, warnings: 0
		Caching library 'worklib' ....... Done
	Elaborating the design hierarchy:
	Top level design units:
		seq_detector_tb

	Extracting FSMs for coverage:
		worklib.seq_detector
		worklib.seq_detector_tb
	Total FSMs extracted = 0
	Building instance overlay tables: .................... Done
	Enabling instrumentation for coverage types: block expression FSM toggle functional
xmelab: *W,COVDCL: By default expression coverage is scored only for Verilog logical operators (|| and &&) and VHDL logical operators (OR, AND, NOR, and NAND), and is scored only in condition expressions. To score coverage for other operators and for expressions in other statements, use the "set_expr_coverable_operators" and "set_expr_coverable_statements" coverage configuration file commands with suitable options at elaboration.
	Generating native compiled code:
		worklib.seq_detector:v <0x13e790ad>
			streams:   5, words:  3985
		worklib.seq_detector_tb:v <0x48d52c75>
			streams:   6, words:  4615
 integer i;
         |
xmelab: *W,COVUTA (./twonum_tb.v,4|9): Toggle coverage is not supported for SystemVerilog integer, real, string, dynamic array, sparse memory and reference ports. It is also not supported for VHDL multi-dimensional array and array of record. There may also be other such objects in the design.
	Building instance specific data structures.
	Loading native compiled code:     .................... Done
	Design hierarchy summary:
		             Instances  Unique
		Modules:             2       2
		Registers:           7       7
		Scalar wires:        4       -
		Always blocks:       2       2
		Initial blocks:      3       3
		Pseudo assignments:  3       3
	Writing initial simulation snapshot: worklib.seq_detector_tb:v

-------------------------------------
Relinquished control to SimVision...
xcelium> 
xcelium> source /home/install/XCELIUM2009/tools/xcelium/files/xmsimrc
xcelium> database -open waves -into waves.shm -default
Created default SHM database waves
xcelium> probe -create -shm seq_detector_tb.clk seq_detector_tb.i seq_detector_tb.out seq_detector_tb.reset seq_detector_tb.x
Created probe 1
xcelium> run
Simulation complete via $finish(1) at time 526 NS + 0
./twonum_tb.v:22 $finish;
xcelium> coverage -analyze

coverage setup:
  workdir  :  ./cov_work
  dutinst  :  seq_detector_tb(seq_detector_tb)
  scope    :  scope
  testname :  test

coverage files:
  model(design data) :  ./cov_work/scope/icc_1b188ebf_00000000.ucm
  data               :  ./cov_work/scope/test/icc_1b188ebf_00000000.ucd

Launching IMC...

xcelium> 
coverage setup:
  workdir  :  ./cov_work
  dutinst  :  seq_detector_tb(seq_detector_tb)
  scope    :  scope
  testname :  test

coverage files:
  model(design data) :  ./cov_work/scope/icc_1b188ebf_00000000.ucm (reused)
  data               :  ./cov_work/scope/test/icc_1b188ebf_00000000.ucd
TOOL:	xrun(64)	20.09-s012: Exiting on Mar 27, 2026 at 11:11:28 IST  (total: 18:39:19)
