============================================================
  Generated by:           Genus(TM) Synthesis Solution 20.11-s111_1
  Generated on:           Apr 15 2026  03:35:20 pm
  Module:                 async_fifo
  Operating conditions:   PVT_0P9V_125C (balanced_tree)
  Wireload mode:          enclosed
  Area mode:              timing library
============================================================


Path 1: VIOLATED (-219 ps) Late External Delay Assertion at pin rdata[2]
          Group: rclk
     Startpoint: (R) rbin_reg[0]/CK
          Clock: (R) rclk
       Endpoint: (F) rdata[2]
          Clock: (R) rclk

                     Capture       Launch     
        Clock Edge:+    1000            0     
       Src Latency:+       0            0     
       Net Latency:+       0 (I)        0 (I) 
           Arrival:=    1000            0     
                                              
      Output Delay:-     400                  
     Required Time:=     600                  
      Launch Clock:-       0                  
         Data Path:-     819                  
             Slack:=    -219                  

Exceptions/Constraints:
  output_delay             400             constraints_top.sdc_line_17_11_1 

#----------------------------------------------------------------------------------------
# Timing Point   Flags    Arc   Edge   Cell     Fanout Load Trans Delay Arrival Instance 
#                                                      (fF)  (ps)  (ps)   (ps)  Location 
#----------------------------------------------------------------------------------------
  rbin_reg[0]/CK -       -      R     (arrival)     18    -   100     0       0    (-,-) 
  rbin_reg[0]/Q  -       CK->Q  R     DFFRHQX4       6  3.3    46   320     320    (-,-) 
  fopt9/Y        -       A->Y   F     INVX3          2  1.0    24    38     358    (-,-) 
  g12921__6783/Y -       B->Y   F     CLKAND2X4     27  5.9    59   106     464    (-,-) 
  g13140/Y       -       B1->Y  F     AO22XL         1  0.2    27   124     588    (-,-) 
  g13116/Y       -       A1N->Y F     AOI2BB1XL      1  0.2    39    88     676    (-,-) 
  g12611__1617/Y -       A->Y   R     NOR2XL         1  0.2    43    60     736    (-,-) 
  g12518__9315/Y -       C->Y   F     NAND3XL        1  0.0    81    82     819    (-,-) 
  rdata[2]       <<<     -      F     (port)         -    -     -     0     819    (-,-) 
#----------------------------------------------------------------------------------------

