============================================================
  Generated by:           Genus(TM) Synthesis Solution 20.11-s111_1
  Generated on:           Apr 15 2026  03:35:20 pm
  Module:                 async_fifo
  Operating conditions:   PVT_0P9V_125C (balanced_tree)
  Wireload mode:          enclosed
  Area mode:              timing library
============================================================

                               
   Gate    Instances    Area       Library    
----------------------------------------------
AND2XL             1     1.368    slow_vdd1v0 
AO22XL            22    60.192    slow_vdd1v0 
AOI211XL           1     2.052    slow_vdd1v0 
AOI21X1            4     6.840    slow_vdd1v0 
AOI221X1           1     2.394    slow_vdd1v0 
AOI22XL            1     2.052    slow_vdd1v0 
AOI2BB1XL         20    41.040    slow_vdd1v0 
AOI31X1            1     2.052    slow_vdd1v0 
CLKAND2X2          2     4.104    slow_vdd1v0 
CLKAND2X3          1     3.078    slow_vdd1v0 
CLKAND2X4          2     6.840    slow_vdd1v0 
CLKXOR2X1          1     2.736    slow_vdd1v0 
DFFRHQX1          28   172.368    slow_vdd1v0 
DFFRHQX4           2    19.152    slow_vdd1v0 
DFFRX1             5    34.200    slow_vdd1v0 
DFFRXL             1     8.550    slow_vdd1v0 
INVX1             23    15.732    slow_vdd1v0 
INVX2              4     4.104    slow_vdd1v0 
INVX3              1     1.368    slow_vdd1v0 
INVXL              3     2.052    slow_vdd1v0 
MXI2X1             2     5.472    slow_vdd1v0 
MXI2XL             3     7.182    slow_vdd1v0 
NAND2BX1           2     2.736    slow_vdd1v0 
NAND2X1           36    36.936    slow_vdd1v0 
NAND2X2            4     6.840    slow_vdd1v0 
NAND2X4            1     3.146    slow_vdd1v0 
NAND2XL           46    47.196    slow_vdd1v0 
NAND3BXL           1     1.710    slow_vdd1v0 
NAND3X1            3     5.130    slow_vdd1v0 
NAND3XL            6    10.260    slow_vdd1v0 
NOR2BX1           10    13.680    slow_vdd1v0 
NOR2BXL            1     1.710    slow_vdd1v0 
NOR2X1            19    19.494    slow_vdd1v0 
NOR2X2             6    10.260    slow_vdd1v0 
NOR2X4             1     3.078    slow_vdd1v0 
NOR2XL            16    16.416    slow_vdd1v0 
NOR3X1             4     6.840    slow_vdd1v0 
OAI21X1            1     1.710    slow_vdd1v0 
OAI21XL            2     3.420    slow_vdd1v0 
OAI2BB1X1         25    42.750    slow_vdd1v0 
OR2X1              3     4.104    slow_vdd1v0 
OR2XL              1     1.368    slow_vdd1v0 
SDFFQX1          128   963.072    slow_vdd1v0 
XNOR2X1           10    23.940    slow_vdd1v0 
XOR2XL             2     5.472    slow_vdd1v0 
----------------------------------------------
total            457  1636.196                


                                         
     Type      Instances   Area   Area % 
-----------------------------------------
sequential           164 1197.342   73.2 
inverter              31   23.256    1.4 
logic                262  415.598   25.4 
physical_cells         0    0.000    0.0 
-----------------------------------------
total                457 1636.196  100.0 

